2018-06-25 16:35:26,696 ERROR 18936 [-/::1/-/3ms GET /news] nodejs.AssertionError [ERR_ASSERTION]: Can't find ViewEngine "numjucks"
    at ContextView.[contextView#getViewEngine] (/Users/daiqiang/code/node/egg-learn/egg-manual/node_modules/egg-view/lib/context_view.js:88:5)
    at ContextView.[contextView#render] (/Users/daiqiang/code/node/egg-learn/egg-manual/node_modules/egg-view/lib/context_view.js:69:39)
generatedMessage: false
name: 'AssertionError [ERR_ASSERTION]'
code: 'ERR_ASSERTION'
actual: undefined
expected: true
operator: '=='
pid: 18936
hostname: daiqiangdeMacBook-Pro.local

2018-06-25 16:41:42,336 ERROR 19014 [-/::1/-/5070ms GET /news] nodejs.ResponseTimeoutError: Response timeout for 5000ms, GET https://hacker-news.firebaseio.com/v0/topstories.json -1 (connected: true, keepalive socket: false, agent status: {"createSocketCount":1,"createSocketErrorCount":0,"closeSocketCount":1,"errorSocketCount":0,"timeoutSocketCount":0,"requestCount":0,"freeSockets":{},"sockets":{},"requests":{}})
headers: {}
headers: {}
    at Timeout._onTimeout (/Users/daiqiang/code/node/egg-learn/egg-manual/node_modules/urllib/lib/urllib.js:815:15)
    at ontimeout (timers.js:427:11)
    at tryOnTimeout (timers.js:289:5)
    at listOnTimeout (timers.js:252:5)
    at Timer.processTimers (timers.js:212:10)
name: 'ResponseTimeoutError'
requestId: 1
data: undefined
path: '/v0/topstories.json?orderBy=%22%24key%22&startAt=%220%22&endAt=%224%22'
status: -1
headers: {}
res: { status: -1, statusCode: -1, headers: {}, size: 0, aborted: false, rt: 5061, keepAliveSocket: false, data: undefined, requestUrls: [ 'https://hacker-news.firebaseio.com/v0/topstories.json' ], timing: null, remoteAddress: '35.201.97.85', remotePort: 443 }
pid: 19014
hostname: daiqiangdeMacBook-Pro.local

2018-06-25 16:45:13,122 ERROR 19043 [-/::1/-/5031ms GET /news] nodejs.ResponseTimeoutError: Response timeout for 5000ms, GET https://hacker-news.firebaseio.com/v0/topstories.json -1 (connected: true, keepalive socket: false, agent status: {"createSocketCount":1,"createSocketErrorCount":0,"closeSocketCount":1,"errorSocketCount":0,"timeoutSocketCount":0,"requestCount":0,"freeSockets":{},"sockets":{},"requests":{}})
headers: {}
headers: {}
    at Timeout._onTimeout (/Users/daiqiang/code/node/egg-learn/egg-manual/node_modules/urllib/lib/urllib.js:815:15)
    at ontimeout (timers.js:427:11)
    at tryOnTimeout (timers.js:289:5)
    at listOnTimeout (timers.js:252:5)
    at Timer.processTimers (timers.js:212:10)
name: 'ResponseTimeoutError'
requestId: 1
data: undefined
path: '/v0/topstories.json?orderBy=%22%24key%22&startAt=%220%22&endAt=%224%22'
status: -1
headers: {}
res: { status: -1, statusCode: -1, headers: {}, size: 0, aborted: false, rt: 5023, keepAliveSocket: false, data: undefined, requestUrls: [ 'https://hacker-news.firebaseio.com/v0/topstories.json' ], timing: null, remoteAddress: '35.201.97.85', remotePort: 443 }
pid: 19043
hostname: daiqiangdeMacBook-Pro.local

2018-06-25 18:22:45,807 ERROR 18935 nodejs.ClusterClientNoResponseError: client no response in 597578ms exceeding maxIdleTime 60000ms, maybe the connection is close on other side.
    at Timeout.Leader._heartbeatTimer.setInterval [as _onTimeout] (/Users/daiqiang/code/node/egg-learn/egg-manual/node_modules/cluster-client/lib/leader.js:74:23)
    at ontimeout (timers.js:427:11)
    at tryOnTimeout (timers.js:289:5)
    at listOnTimeout (timers.js:252:5)
    at Timer.processTimers (timers.js:212:10)
name: 'ClusterClientNoResponseError'
pid: 18935
hostname: daiqiangdeMacBook-Pro.local

2018-06-25 18:30:16,848 ERROR 18935 nodejs.ClusterClientNoResponseError: client no response in 407873ms exceeding maxIdleTime 60000ms, maybe the connection is close on other side.
    at Timeout.Leader._heartbeatTimer.setInterval [as _onTimeout] (/Users/daiqiang/code/node/egg-learn/egg-manual/node_modules/cluster-client/lib/leader.js:74:23)
    at ontimeout (timers.js:427:11)
    at tryOnTimeout (timers.js:289:5)
    at listOnTimeout (timers.js:252:5)
    at Timer.processTimers (timers.js:212:10)
name: 'ClusterClientNoResponseError'
pid: 18935
hostname: daiqiangdeMacBook-Pro.local

2018-06-25 18:35:33,563 ERROR 18935 nodejs.ClusterClientNoResponseError: client no response in 276709ms exceeding maxIdleTime 60000ms, maybe the connection is close on other side.
    at Timeout.Leader._heartbeatTimer.setInterval [as _onTimeout] (/Users/daiqiang/code/node/egg-learn/egg-manual/node_modules/cluster-client/lib/leader.js:74:23)
    at ontimeout (timers.js:427:11)
    at tryOnTimeout (timers.js:289:5)
    at listOnTimeout (timers.js:252:5)
    at Timer.processTimers (timers.js:212:10)
name: 'ClusterClientNoResponseError'
pid: 18935
hostname: daiqiangdeMacBook-Pro.local

2018-06-25 18:40:29,639 ERROR 18935 nodejs.ClusterClientNoResponseError: client no response in 276062ms exceeding maxIdleTime 60000ms, maybe the connection is close on other side.
    at Timeout.Leader._heartbeatTimer.setInterval [as _onTimeout] (/Users/daiqiang/code/node/egg-learn/egg-manual/node_modules/cluster-client/lib/leader.js:74:23)
    at ontimeout (timers.js:427:11)
    at tryOnTimeout (timers.js:289:5)
    at listOnTimeout (timers.js:252:5)
    at Timer.processTimers (timers.js:212:10)
name: 'ClusterClientNoResponseError'
pid: 18935
hostname: daiqiangdeMacBook-Pro.local

2018-06-25 18:45:45,925 ERROR 18935 nodejs.ClusterClientNoResponseError: client no response in 276269ms exceeding maxIdleTime 60000ms, maybe the connection is close on other side.
    at Timeout.Leader._heartbeatTimer.setInterval [as _onTimeout] (/Users/daiqiang/code/node/egg-learn/egg-manual/node_modules/cluster-client/lib/leader.js:74:23)
    at ontimeout (timers.js:427:11)
    at tryOnTimeout (timers.js:289:5)
    at listOnTimeout (timers.js:252:5)
    at Timer.processTimers (timers.js:212:10)
name: 'ClusterClientNoResponseError'
pid: 18935
hostname: daiqiangdeMacBook-Pro.local

2018-06-25 18:50:59,843 ERROR 18935 nodejs.ClusterClientNoResponseError: client no response in 273897ms exceeding maxIdleTime 60000ms, maybe the connection is close on other side.
    at Timeout.Leader._heartbeatTimer.setInterval [as _onTimeout] (/Users/daiqiang/code/node/egg-learn/egg-manual/node_modules/cluster-client/lib/leader.js:74:23)
    at ontimeout (timers.js:427:11)
    at tryOnTimeout (timers.js:289:5)
    at listOnTimeout (timers.js:252:5)
    at Timer.processTimers (timers.js:212:10)
name: 'ClusterClientNoResponseError'
pid: 18935
hostname: daiqiangdeMacBook-Pro.local

2018-06-25 18:55:57,711 ERROR 18935 nodejs.ClusterClientNoResponseError: client no response in 275453ms exceeding maxIdleTime 60000ms, maybe the connection is close on other side.
    at Timeout.Leader._heartbeatTimer.setInterval [as _onTimeout] (/Users/daiqiang/code/node/egg-learn/egg-manual/node_modules/cluster-client/lib/leader.js:74:23)
    at ontimeout (timers.js:427:11)
    at tryOnTimeout (timers.js:289:5)
    at listOnTimeout (timers.js:252:5)
    at Timer.processTimers (timers.js:212:10)
name: 'ClusterClientNoResponseError'
pid: 18935
hostname: daiqiangdeMacBook-Pro.local

2018-06-25 19:01:11,754 ERROR 18935 nodejs.ClusterClientNoResponseError: client no response in 271805ms exceeding maxIdleTime 60000ms, maybe the connection is close on other side.
    at Timeout.Leader._heartbeatTimer.setInterval [as _onTimeout] (/Users/daiqiang/code/node/egg-learn/egg-manual/node_modules/cluster-client/lib/leader.js:74:23)
    at ontimeout (timers.js:427:11)
    at tryOnTimeout (timers.js:289:5)
    at listOnTimeout (timers.js:252:5)
    at Timer.processTimers (timers.js:212:10)
name: 'ClusterClientNoResponseError'
pid: 18935
hostname: daiqiangdeMacBook-Pro.local

2018-06-25 19:06:28,585 ERROR 18935 nodejs.ClusterClientNoResponseError: client no response in 276815ms exceeding maxIdleTime 60000ms, maybe the connection is close on other side.
    at Timeout.Leader._heartbeatTimer.setInterval [as _onTimeout] (/Users/daiqiang/code/node/egg-learn/egg-manual/node_modules/cluster-client/lib/leader.js:74:23)
    at ontimeout (timers.js:427:11)
    at tryOnTimeout (timers.js:289:5)
    at listOnTimeout (timers.js:252:5)
    at Timer.processTimers (timers.js:212:10)
name: 'ClusterClientNoResponseError'
pid: 18935
hostname: daiqiangdeMacBook-Pro.local

2018-06-25 19:11:25,707 ERROR 18935 nodejs.ClusterClientNoResponseError: client no response in 277108ms exceeding maxIdleTime 60000ms, maybe the connection is close on other side.
    at Timeout.Leader._heartbeatTimer.setInterval [as _onTimeout] (/Users/daiqiang/code/node/egg-learn/egg-manual/node_modules/cluster-client/lib/leader.js:74:23)
    at ontimeout (timers.js:427:11)
    at tryOnTimeout (timers.js:289:5)
    at listOnTimeout (timers.js:252:5)
    at Timer.processTimers (timers.js:212:10)
name: 'ClusterClientNoResponseError'
pid: 18935
hostname: daiqiangdeMacBook-Pro.local

2018-06-25 19:16:42,519 ERROR 18935 nodejs.ClusterClientNoResponseError: client no response in 276790ms exceeding maxIdleTime 60000ms, maybe the connection is close on other side.
    at Timeout.Leader._heartbeatTimer.setInterval [as _onTimeout] (/Users/daiqiang/code/node/egg-learn/egg-manual/node_modules/cluster-client/lib/leader.js:74:23)
    at ontimeout (timers.js:427:11)
    at tryOnTimeout (timers.js:289:5)
    at listOnTimeout (timers.js:252:5)
    at Timer.processTimers (timers.js:212:10)
name: 'ClusterClientNoResponseError'
pid: 18935
hostname: daiqiangdeMacBook-Pro.local

2018-06-25 19:21:57,157 ERROR 18935 nodejs.ClusterClientNoResponseError: client no response in 274616ms exceeding maxIdleTime 60000ms, maybe the connection is close on other side.
    at Timeout.Leader._heartbeatTimer.setInterval [as _onTimeout] (/Users/daiqiang/code/node/egg-learn/egg-manual/node_modules/cluster-client/lib/leader.js:74:23)
    at ontimeout (timers.js:427:11)
    at tryOnTimeout (timers.js:289:5)
    at listOnTimeout (timers.js:252:5)
    at Timer.processTimers (timers.js:212:10)
name: 'ClusterClientNoResponseError'
pid: 18935
hostname: daiqiangdeMacBook-Pro.local

2018-06-25 19:27:14,322 ERROR 18935 nodejs.ClusterClientNoResponseError: client no response in 277151ms exceeding maxIdleTime 60000ms, maybe the connection is close on other side.
    at Timeout.Leader._heartbeatTimer.setInterval [as _onTimeout] (/Users/daiqiang/code/node/egg-learn/egg-manual/node_modules/cluster-client/lib/leader.js:74:23)
    at ontimeout (timers.js:427:11)
    at tryOnTimeout (timers.js:289:5)
    at listOnTimeout (timers.js:252:5)
    at Timer.processTimers (timers.js:212:10)
name: 'ClusterClientNoResponseError'
pid: 18935
hostname: daiqiangdeMacBook-Pro.local

2018-06-25 19:32:12,492 ERROR 18935 nodejs.ClusterClientNoResponseError: client no response in 276308ms exceeding maxIdleTime 60000ms, maybe the connection is close on other side.
    at Timeout.Leader._heartbeatTimer.setInterval [as _onTimeout] (/Users/daiqiang/code/node/egg-learn/egg-manual/node_modules/cluster-client/lib/leader.js:74:23)
    at ontimeout (timers.js:427:11)
    at tryOnTimeout (timers.js:289:5)
    at listOnTimeout (timers.js:252:5)
    at Timer.processTimers (timers.js:212:10)
name: 'ClusterClientNoResponseError'
pid: 18935
hostname: daiqiangdeMacBook-Pro.local

2018-06-25 19:37:28,503 ERROR 18935 nodejs.ClusterClientNoResponseError: client no response in 275993ms exceeding maxIdleTime 60000ms, maybe the connection is close on other side.
    at Timeout.Leader._heartbeatTimer.setInterval [as _onTimeout] (/Users/daiqiang/code/node/egg-learn/egg-manual/node_modules/cluster-client/lib/leader.js:74:23)
    at ontimeout (timers.js:427:11)
    at tryOnTimeout (timers.js:289:5)
    at listOnTimeout (timers.js:252:5)
    at Timer.processTimers (timers.js:212:10)
name: 'ClusterClientNoResponseError'
pid: 18935
hostname: daiqiangdeMacBook-Pro.local

2018-06-25 19:42:43,172 ERROR 18935 nodejs.ClusterClientNoResponseError: client no response in 272455ms exceeding maxIdleTime 60000ms, maybe the connection is close on other side.
    at Timeout.Leader._heartbeatTimer.setInterval [as _onTimeout] (/Users/daiqiang/code/node/egg-learn/egg-manual/node_modules/cluster-client/lib/leader.js:74:23)
    at ontimeout (timers.js:427:11)
    at tryOnTimeout (timers.js:289:5)
    at listOnTimeout (timers.js:252:5)
    at Timer.processTimers (timers.js:212:10)
name: 'ClusterClientNoResponseError'
pid: 18935
hostname: daiqiangdeMacBook-Pro.local

2018-06-25 19:47:58,993 ERROR 18935 nodejs.ClusterClientNoResponseError: client no response in 275807ms exceeding maxIdleTime 60000ms, maybe the connection is close on other side.
    at Timeout.Leader._heartbeatTimer.setInterval [as _onTimeout] (/Users/daiqiang/code/node/egg-learn/egg-manual/node_modules/cluster-client/lib/leader.js:74:23)
    at ontimeout (timers.js:427:11)
    at tryOnTimeout (timers.js:289:5)
    at listOnTimeout (timers.js:252:5)
    at Timer.processTimers (timers.js:212:10)
name: 'ClusterClientNoResponseError'
pid: 18935
hostname: daiqiangdeMacBook-Pro.local

2018-06-25 19:52:55,791 ERROR 18935 nodejs.ClusterClientNoResponseError: client no response in 276790ms exceeding maxIdleTime 60000ms, maybe the connection is close on other side.
    at Timeout.Leader._heartbeatTimer.setInterval [as _onTimeout] (/Users/daiqiang/code/node/egg-learn/egg-manual/node_modules/cluster-client/lib/leader.js:74:23)
    at ontimeout (timers.js:427:11)
    at tryOnTimeout (timers.js:289:5)
    at listOnTimeout (timers.js:252:5)
    at Timer.processTimers (timers.js:212:10)
name: 'ClusterClientNoResponseError'
pid: 18935
hostname: daiqiangdeMacBook-Pro.local

2018-06-25 19:58:09,423 ERROR 18935 nodejs.ClusterClientNoResponseError: client no response in 273619ms exceeding maxIdleTime 60000ms, maybe the connection is close on other side.
    at Timeout.Leader._heartbeatTimer.setInterval [as _onTimeout] (/Users/daiqiang/code/node/egg-learn/egg-manual/node_modules/cluster-client/lib/leader.js:74:23)
    at ontimeout (timers.js:427:11)
    at tryOnTimeout (timers.js:289:5)
    at listOnTimeout (timers.js:252:5)
    at Timer.processTimers (timers.js:212:10)
name: 'ClusterClientNoResponseError'
pid: 18935
hostname: daiqiangdeMacBook-Pro.local

2018-06-25 20:03:55,244 ERROR 18935 nodejs.ClusterClientNoResponseError: client no response in 305804ms exceeding maxIdleTime 60000ms, maybe the connection is close on other side.
    at Timeout.Leader._heartbeatTimer.setInterval [as _onTimeout] (/Users/daiqiang/code/node/egg-learn/egg-manual/node_modules/cluster-client/lib/leader.js:74:23)
    at ontimeout (timers.js:427:11)
    at tryOnTimeout (timers.js:289:5)
    at listOnTimeout (timers.js:252:5)
    at Timer.processTimers (timers.js:212:10)
name: 'ClusterClientNoResponseError'
pid: 18935
hostname: daiqiangdeMacBook-Pro.local

2018-06-25 20:09:12,436 ERROR 18935 nodejs.ClusterClientNoResponseError: client no response in 277170ms exceeding maxIdleTime 60000ms, maybe the connection is close on other side.
    at Timeout.Leader._heartbeatTimer.setInterval [as _onTimeout] (/Users/daiqiang/code/node/egg-learn/egg-manual/node_modules/cluster-client/lib/leader.js:74:23)
    at ontimeout (timers.js:427:11)
    at tryOnTimeout (timers.js:289:5)
    at listOnTimeout (timers.js:252:5)
    at Timer.processTimers (timers.js:212:10)
name: 'ClusterClientNoResponseError'
pid: 18935
hostname: daiqiangdeMacBook-Pro.local

2018-06-25 20:14:08,607 ERROR 18935 nodejs.ClusterClientNoResponseError: client no response in 276161ms exceeding maxIdleTime 60000ms, maybe the connection is close on other side.
    at Timeout.Leader._heartbeatTimer.setInterval [as _onTimeout] (/Users/daiqiang/code/node/egg-learn/egg-manual/node_modules/cluster-client/lib/leader.js:74:23)
    at ontimeout (timers.js:427:11)
    at tryOnTimeout (timers.js:289:5)
    at listOnTimeout (timers.js:252:5)
    at Timer.processTimers (timers.js:212:10)
name: 'ClusterClientNoResponseError'
pid: 18935
hostname: daiqiangdeMacBook-Pro.local

2018-06-25 20:19:25,437 ERROR 18935 nodejs.ClusterClientNoResponseError: client no response in 276814ms exceeding maxIdleTime 60000ms, maybe the connection is close on other side.
    at Timeout.Leader._heartbeatTimer.setInterval [as _onTimeout] (/Users/daiqiang/code/node/egg-learn/egg-manual/node_modules/cluster-client/lib/leader.js:74:23)
    at ontimeout (timers.js:427:11)
    at tryOnTimeout (timers.js:289:5)
    at listOnTimeout (timers.js:252:5)
    at Timer.processTimers (timers.js:212:10)
name: 'ClusterClientNoResponseError'
pid: 18935
hostname: daiqiangdeMacBook-Pro.local

2018-06-25 20:24:22,692 ERROR 18935 nodejs.ClusterClientNoResponseError: client no response in 277243ms exceeding maxIdleTime 60000ms, maybe the connection is close on other side.
    at Timeout.Leader._heartbeatTimer.setInterval [as _onTimeout] (/Users/daiqiang/code/node/egg-learn/egg-manual/node_modules/cluster-client/lib/leader.js:74:23)
    at ontimeout (timers.js:427:11)
    at tryOnTimeout (timers.js:289:5)
    at listOnTimeout (timers.js:252:5)
    at Timer.processTimers (timers.js:212:10)
name: 'ClusterClientNoResponseError'
pid: 18935
hostname: daiqiangdeMacBook-Pro.local

2018-06-25 20:29:37,341 ERROR 18935 nodejs.ClusterClientNoResponseError: client no response in 274627ms exceeding maxIdleTime 60000ms, maybe the connection is close on other side.
    at Timeout.Leader._heartbeatTimer.setInterval [as _onTimeout] (/Users/daiqiang/code/node/egg-learn/egg-manual/node_modules/cluster-client/lib/leader.js:74:23)
    at ontimeout (timers.js:427:11)
    at tryOnTimeout (timers.js:289:5)
    at listOnTimeout (timers.js:252:5)
    at Timer.processTimers (timers.js:212:10)
name: 'ClusterClientNoResponseError'
pid: 18935
hostname: daiqiangdeMacBook-Pro.local

2018-06-25 20:34:51,842 ERROR 18935 nodejs.ClusterClientNoResponseError: client no response in 274487ms exceeding maxIdleTime 60000ms, maybe the connection is close on other side.
    at Timeout.Leader._heartbeatTimer.setInterval [as _onTimeout] (/Users/daiqiang/code/node/egg-learn/egg-manual/node_modules/cluster-client/lib/leader.js:74:23)
    at ontimeout (timers.js:427:11)
    at tryOnTimeout (timers.js:289:5)
    at listOnTimeout (timers.js:252:5)
    at Timer.processTimers (timers.js:212:10)
name: 'ClusterClientNoResponseError'
pid: 18935
hostname: daiqiangdeMacBook-Pro.local

2018-06-25 20:40:07,654 ERROR 18935 nodejs.ClusterClientNoResponseError: client no response in 273709ms exceeding maxIdleTime 60000ms, maybe the connection is close on other side.
    at Timeout.Leader._heartbeatTimer.setInterval [as _onTimeout] (/Users/daiqiang/code/node/egg-learn/egg-manual/node_modules/cluster-client/lib/leader.js:74:23)
    at ontimeout (timers.js:427:11)
    at tryOnTimeout (timers.js:289:5)
    at listOnTimeout (timers.js:252:5)
    at Timer.processTimers (timers.js:212:10)
name: 'ClusterClientNoResponseError'
pid: 18935
hostname: daiqiangdeMacBook-Pro.local

2018-06-25 20:45:03,836 ERROR 18935 nodejs.ClusterClientNoResponseError: client no response in 276169ms exceeding maxIdleTime 60000ms, maybe the connection is close on other side.
    at Timeout.Leader._heartbeatTimer.setInterval [as _onTimeout] (/Users/daiqiang/code/node/egg-learn/egg-manual/node_modules/cluster-client/lib/leader.js:74:23)
    at ontimeout (timers.js:427:11)
    at tryOnTimeout (timers.js:289:5)
    at listOnTimeout (timers.js:252:5)
    at Timer.processTimers (timers.js:212:10)
name: 'ClusterClientNoResponseError'
pid: 18935
hostname: daiqiangdeMacBook-Pro.local

2018-06-25 20:50:20,992 ERROR 18935 nodejs.ClusterClientNoResponseError: client no response in 277139ms exceeding maxIdleTime 60000ms, maybe the connection is close on other side.
    at Timeout.Leader._heartbeatTimer.setInterval [as _onTimeout] (/Users/daiqiang/code/node/egg-learn/egg-manual/node_modules/cluster-client/lib/leader.js:74:23)
    at ontimeout (timers.js:427:11)
    at tryOnTimeout (timers.js:289:5)
    at listOnTimeout (timers.js:252:5)
    at Timer.processTimers (timers.js:212:10)
name: 'ClusterClientNoResponseError'
pid: 18935
hostname: daiqiangdeMacBook-Pro.local

2018-06-25 20:55:36,787 ERROR 18935 nodejs.ClusterClientNoResponseError: client no response in 275784ms exceeding maxIdleTime 60000ms, maybe the connection is close on other side.
    at Timeout.Leader._heartbeatTimer.setInterval [as _onTimeout] (/Users/daiqiang/code/node/egg-learn/egg-manual/node_modules/cluster-client/lib/leader.js:74:23)
    at ontimeout (timers.js:427:11)
    at tryOnTimeout (timers.js:289:5)
    at listOnTimeout (timers.js:252:5)
    at Timer.processTimers (timers.js:212:10)
name: 'ClusterClientNoResponseError'
pid: 18935
hostname: daiqiangdeMacBook-Pro.local

2018-06-25 21:00:33,943 ERROR 18935 nodejs.ClusterClientNoResponseError: client no response in 277140ms exceeding maxIdleTime 60000ms, maybe the connection is close on other side.
    at Timeout.Leader._heartbeatTimer.setInterval [as _onTimeout] (/Users/daiqiang/code/node/egg-learn/egg-manual/node_modules/cluster-client/lib/leader.js:74:23)
    at ontimeout (timers.js:427:11)
    at tryOnTimeout (timers.js:289:5)
    at listOnTimeout (timers.js:252:5)
    at Timer.processTimers (timers.js:212:10)
name: 'ClusterClientNoResponseError'
pid: 18935
hostname: daiqiangdeMacBook-Pro.local

2018-06-25 21:05:50,120 ERROR 18935 nodejs.ClusterClientNoResponseError: client no response in 276159ms exceeding maxIdleTime 60000ms, maybe the connection is close on other side.
    at Timeout.Leader._heartbeatTimer.setInterval [as _onTimeout] (/Users/daiqiang/code/node/egg-learn/egg-manual/node_modules/cluster-client/lib/leader.js:74:23)
    at ontimeout (timers.js:427:11)
    at tryOnTimeout (timers.js:289:5)
    at listOnTimeout (timers.js:252:5)
    at Timer.processTimers (timers.js:212:10)
name: 'ClusterClientNoResponseError'
pid: 18935
hostname: daiqiangdeMacBook-Pro.local

2018-06-25 21:11:06,938 ERROR 18935 nodejs.ClusterClientNoResponseError: client no response in 276804ms exceeding maxIdleTime 60000ms, maybe the connection is close on other side.
    at Timeout.Leader._heartbeatTimer.setInterval [as _onTimeout] (/Users/daiqiang/code/node/egg-learn/egg-manual/node_modules/cluster-client/lib/leader.js:74:23)
    at ontimeout (timers.js:427:11)
    at tryOnTimeout (timers.js:289:5)
    at listOnTimeout (timers.js:252:5)
    at Timer.processTimers (timers.js:212:10)
name: 'ClusterClientNoResponseError'
pid: 18935
hostname: daiqiangdeMacBook-Pro.local

2018-06-25 21:14:46,098 ERROR 18935 nodejs.ClusterClientNoResponseError: client no response in 199147ms exceeding maxIdleTime 60000ms, maybe the connection is close on other side.
    at Timeout.Leader._heartbeatTimer.setInterval [as _onTimeout] (/Users/daiqiang/code/node/egg-learn/egg-manual/node_modules/cluster-client/lib/leader.js:74:23)
    at ontimeout (timers.js:427:11)
    at tryOnTimeout (timers.js:289:5)
    at listOnTimeout (timers.js:252:5)
    at Timer.processTimers (timers.js:212:10)
name: 'ClusterClientNoResponseError'
pid: 18935
hostname: daiqiangdeMacBook-Pro.local

2018-06-25 21:20:21,912 ERROR 18935 nodejs.ClusterClientNoResponseError: client no response in 275791ms exceeding maxIdleTime 60000ms, maybe the connection is close on other side.
    at Timeout.Leader._heartbeatTimer.setInterval [as _onTimeout] (/Users/daiqiang/code/node/egg-learn/egg-manual/node_modules/cluster-client/lib/leader.js:74:23)
    at ontimeout (timers.js:427:11)
    at tryOnTimeout (timers.js:289:5)
    at listOnTimeout (timers.js:252:5)
    at Timer.processTimers (timers.js:212:10)
name: 'ClusterClientNoResponseError'
pid: 18935
hostname: daiqiangdeMacBook-Pro.local

2018-06-25 21:25:39,098 ERROR 18935 nodejs.ClusterClientNoResponseError: client no response in 277167ms exceeding maxIdleTime 60000ms, maybe the connection is close on other side.
    at Timeout.Leader._heartbeatTimer.setInterval [as _onTimeout] (/Users/daiqiang/code/node/egg-learn/egg-manual/node_modules/cluster-client/lib/leader.js:74:23)
    at ontimeout (timers.js:427:11)
    at tryOnTimeout (timers.js:289:5)
    at listOnTimeout (timers.js:252:5)
    at Timer.processTimers (timers.js:212:10)
name: 'ClusterClientNoResponseError'
pid: 18935
hostname: daiqiangdeMacBook-Pro.local

2018-06-25 21:30:35,266 ERROR 18935 nodejs.ClusterClientNoResponseError: client no response in 276159ms exceeding maxIdleTime 60000ms, maybe the connection is close on other side.
    at Timeout.Leader._heartbeatTimer.setInterval [as _onTimeout] (/Users/daiqiang/code/node/egg-learn/egg-manual/node_modules/cluster-client/lib/leader.js:74:23)
    at ontimeout (timers.js:427:11)
    at tryOnTimeout (timers.js:289:5)
    at listOnTimeout (timers.js:252:5)
    at Timer.processTimers (timers.js:212:10)
name: 'ClusterClientNoResponseError'
pid: 18935
hostname: daiqiangdeMacBook-Pro.local

2018-06-25 21:35:52,457 ERROR 18935 nodejs.ClusterClientNoResponseError: client no response in 277173ms exceeding maxIdleTime 60000ms, maybe the connection is close on other side.
    at Timeout.Leader._heartbeatTimer.setInterval [as _onTimeout] (/Users/daiqiang/code/node/egg-learn/egg-manual/node_modules/cluster-client/lib/leader.js:74:23)
    at ontimeout (timers.js:427:11)
    at tryOnTimeout (timers.js:289:5)
    at listOnTimeout (timers.js:252:5)
    at Timer.processTimers (timers.js:212:10)
name: 'ClusterClientNoResponseError'
pid: 18935
hostname: daiqiangdeMacBook-Pro.local

2018-06-25 21:40:48,686 ERROR 18935 nodejs.ClusterClientNoResponseError: client no response in 276215ms exceeding maxIdleTime 60000ms, maybe the connection is close on other side.
    at Timeout.Leader._heartbeatTimer.setInterval [as _onTimeout] (/Users/daiqiang/code/node/egg-learn/egg-manual/node_modules/cluster-client/lib/leader.js:74:23)
    at ontimeout (timers.js:427:11)
    at tryOnTimeout (timers.js:289:5)
    at listOnTimeout (timers.js:252:5)
    at Timer.processTimers (timers.js:212:10)
name: 'ClusterClientNoResponseError'
pid: 18935
hostname: daiqiangdeMacBook-Pro.local

2018-06-25 21:46:05,503 ERROR 18935 nodejs.ClusterClientNoResponseError: client no response in 276800ms exceeding maxIdleTime 60000ms, maybe the connection is close on other side.
    at Timeout.Leader._heartbeatTimer.setInterval [as _onTimeout] (/Users/daiqiang/code/node/egg-learn/egg-manual/node_modules/cluster-client/lib/leader.js:74:23)
    at ontimeout (timers.js:427:11)
    at tryOnTimeout (timers.js:289:5)
    at listOnTimeout (timers.js:252:5)
    at Timer.processTimers (timers.js:212:10)
name: 'ClusterClientNoResponseError'
pid: 18935
hostname: daiqiangdeMacBook-Pro.local

2018-06-25 21:51:21,681 ERROR 18935 nodejs.ClusterClientNoResponseError: client no response in 276157ms exceeding maxIdleTime 60000ms, maybe the connection is close on other side.
    at Timeout.Leader._heartbeatTimer.setInterval [as _onTimeout] (/Users/daiqiang/code/node/egg-learn/egg-manual/node_modules/cluster-client/lib/leader.js:74:23)
    at ontimeout (timers.js:427:11)
    at tryOnTimeout (timers.js:289:5)
    at listOnTimeout (timers.js:252:5)
    at Timer.processTimers (timers.js:212:10)
name: 'ClusterClientNoResponseError'
pid: 18935
hostname: daiqiangdeMacBook-Pro.local

2018-06-25 21:54:10,859 ERROR 18935 nodejs.ClusterClientNoResponseError: client no response in 149160ms exceeding maxIdleTime 60000ms, maybe the connection is close on other side.
    at Timeout.Leader._heartbeatTimer.setInterval [as _onTimeout] (/Users/daiqiang/code/node/egg-learn/egg-manual/node_modules/cluster-client/lib/leader.js:74:23)
    at ontimeout (timers.js:427:11)
    at tryOnTimeout (timers.js:289:5)
    at listOnTimeout (timers.js:252:5)
    at Timer.processTimers (timers.js:212:10)
name: 'ClusterClientNoResponseError'
pid: 18935
hostname: daiqiangdeMacBook-Pro.local

2018-06-25 23:19:18,028 ERROR 18935 nodejs.ClusterClientNoResponseError: client no response in 5047142ms exceeding maxIdleTime 60000ms, maybe the connection is close on other side.
    at Timeout.Leader._heartbeatTimer.setInterval [as _onTimeout] (/Users/daiqiang/code/node/egg-learn/egg-manual/node_modules/cluster-client/lib/leader.js:74:23)
    at ontimeout (timers.js:427:11)
    at tryOnTimeout (timers.js:289:5)
    at listOnTimeout (timers.js:252:5)
    at Timer.processTimers (timers.js:212:10)
name: 'ClusterClientNoResponseError'
pid: 18935
hostname: daiqiangdeMacBook-Pro.local

2018-06-26 00:14:09,841 ERROR 18935 nodejs.ClusterClientNoResponseError: client no response in 3251803ms exceeding maxIdleTime 60000ms, maybe the connection is close on other side.
    at Timeout.Leader._heartbeatTimer.setInterval [as _onTimeout] (/Users/daiqiang/code/node/egg-learn/egg-manual/node_modules/cluster-client/lib/leader.js:74:23)
    at ontimeout (timers.js:427:11)
    at tryOnTimeout (timers.js:289:5)
    at listOnTimeout (timers.js:252:5)
    at Timer.processTimers (timers.js:212:10)
name: 'ClusterClientNoResponseError'
pid: 18935
hostname: daiqiangdeMacBook-Pro.local

2018-06-26 01:15:43,680 ERROR 18935 nodejs.ClusterClientNoResponseError: client no response in 3673825ms exceeding maxIdleTime 60000ms, maybe the connection is close on other side.
    at Timeout.Leader._heartbeatTimer.setInterval [as _onTimeout] (/Users/daiqiang/code/node/egg-learn/egg-manual/node_modules/cluster-client/lib/leader.js:74:23)
    at ontimeout (timers.js:427:11)
    at tryOnTimeout (timers.js:289:5)
    at listOnTimeout (timers.js:252:5)
    at Timer.processTimers (timers.js:212:10)
name: 'ClusterClientNoResponseError'
pid: 18935
hostname: daiqiangdeMacBook-Pro.local

2018-06-26 02:22:04,508 ERROR 18935 nodejs.ClusterClientNoResponseError: client no response in 3940808ms exceeding maxIdleTime 60000ms, maybe the connection is close on other side.
    at Timeout.Leader._heartbeatTimer.setInterval [as _onTimeout] (/Users/daiqiang/code/node/egg-learn/egg-manual/node_modules/cluster-client/lib/leader.js:74:23)
    at ontimeout (timers.js:427:11)
    at tryOnTimeout (timers.js:289:5)
    at listOnTimeout (timers.js:252:5)
    at Timer.processTimers (timers.js:212:10)
name: 'ClusterClientNoResponseError'
pid: 18935
hostname: daiqiangdeMacBook-Pro.local

2018-06-26 03:17:40,328 ERROR 18935 nodejs.ClusterClientNoResponseError: client no response in 3295805ms exceeding maxIdleTime 60000ms, maybe the connection is close on other side.
    at Timeout.Leader._heartbeatTimer.setInterval [as _onTimeout] (/Users/daiqiang/code/node/egg-learn/egg-manual/node_modules/cluster-client/lib/leader.js:74:23)
    at ontimeout (timers.js:427:11)
    at tryOnTimeout (timers.js:289:5)
    at listOnTimeout (timers.js:252:5)
    at Timer.processTimers (timers.js:212:10)
name: 'ClusterClientNoResponseError'
pid: 18935
hostname: daiqiangdeMacBook-Pro.local

2018-06-26 04:21:31,052 ERROR 18935 nodejs.ClusterClientNoResponseError: client no response in 3790709ms exceeding maxIdleTime 60000ms, maybe the connection is close on other side.
    at Timeout.Leader._heartbeatTimer.setInterval [as _onTimeout] (/Users/daiqiang/code/node/egg-learn/egg-manual/node_modules/cluster-client/lib/leader.js:74:23)
    at ontimeout (timers.js:427:11)
    at tryOnTimeout (timers.js:289:5)
    at listOnTimeout (timers.js:252:5)
    at Timer.processTimers (timers.js:212:10)
name: 'ClusterClientNoResponseError'
pid: 18935
hostname: daiqiangdeMacBook-Pro.local

2018-06-26 05:21:24,862 ERROR 18935 nodejs.ClusterClientNoResponseError: client no response in 3553791ms exceeding maxIdleTime 60000ms, maybe the connection is close on other side.
    at Timeout.Leader._heartbeatTimer.setInterval [as _onTimeout] (/Users/daiqiang/code/node/egg-learn/egg-manual/node_modules/cluster-client/lib/leader.js:74:23)
    at ontimeout (timers.js:427:11)
    at tryOnTimeout (timers.js:289:5)
    at listOnTimeout (timers.js:252:5)
    at Timer.processTimers (timers.js:212:10)
name: 'ClusterClientNoResponseError'
pid: 18935
hostname: daiqiangdeMacBook-Pro.local

2018-06-26 06:13:11,677 ERROR 18935 nodejs.ClusterClientNoResponseError: client no response in 3086807ms exceeding maxIdleTime 60000ms, maybe the connection is close on other side.
    at Timeout.Leader._heartbeatTimer.setInterval [as _onTimeout] (/Users/daiqiang/code/node/egg-learn/egg-manual/node_modules/cluster-client/lib/leader.js:74:23)
    at ontimeout (timers.js:427:11)
    at tryOnTimeout (timers.js:289:5)
    at listOnTimeout (timers.js:252:5)
    at Timer.processTimers (timers.js:212:10)
name: 'ClusterClientNoResponseError'
pid: 18935
hostname: daiqiangdeMacBook-Pro.local

2018-06-26 07:21:32,490 ERROR 18935 nodejs.ClusterClientNoResponseError: client no response in 4060791ms exceeding maxIdleTime 60000ms, maybe the connection is close on other side.
    at Timeout.Leader._heartbeatTimer.setInterval [as _onTimeout] (/Users/daiqiang/code/node/egg-learn/egg-manual/node_modules/cluster-client/lib/leader.js:74:23)
    at ontimeout (timers.js:427:11)
    at tryOnTimeout (timers.js:289:5)
    at listOnTimeout (timers.js:252:5)
    at Timer.processTimers (timers.js:212:10)
name: 'ClusterClientNoResponseError'
pid: 18935
hostname: daiqiangdeMacBook-Pro.local

2018-06-26 08:13:42,303 ERROR 18935 nodejs.ClusterClientNoResponseError: client no response in 3089793ms exceeding maxIdleTime 60000ms, maybe the connection is close on other side.
    at Timeout.Leader._heartbeatTimer.setInterval [as _onTimeout] (/Users/daiqiang/code/node/egg-learn/egg-manual/node_modules/cluster-client/lib/leader.js:74:23)
    at ontimeout (timers.js:427:11)
    at tryOnTimeout (timers.js:289:5)
    at listOnTimeout (timers.js:252:5)
    at Timer.processTimers (timers.js:212:10)
name: 'ClusterClientNoResponseError'
pid: 18935
hostname: daiqiangdeMacBook-Pro.local

2018-06-26 09:05:27,126 ERROR 18935 nodejs.ClusterClientNoResponseError: client no response in 3084812ms exceeding maxIdleTime 60000ms, maybe the connection is close on other side.
    at Timeout.Leader._heartbeatTimer.setInterval [as _onTimeout] (/Users/daiqiang/code/node/egg-learn/egg-manual/node_modules/cluster-client/lib/leader.js:74:23)
    at ontimeout (timers.js:427:11)
    at tryOnTimeout (timers.js:289:5)
    at listOnTimeout (timers.js:252:5)
    at Timer.processTimers (timers.js:212:10)
name: 'ClusterClientNoResponseError'
pid: 18935
hostname: daiqiangdeMacBook-Pro.local

2018-06-26 09:47:45,476 ERROR 21125 [-/::1/-/6ms GET /news] nodejs.TypeError: this.ctx.tranInt is not a function
    at NewsController.list (/Users/daiqiang/code/node/egg-learn/egg-manual/app/controller/news.js:17:26)
    at Object.callFn (/Users/daiqiang/code/node/egg-learn/egg-manual/node_modules/egg-core/lib/utils/index.js:36:21)
    at Object.classControllerMiddleware (/Users/daiqiang/code/node/egg-learn/egg-manual/node_modules/egg-core/lib/loader/mixin/controller.js:87:20)
    at Object.callFn (/Users/daiqiang/code/node/egg-learn/egg-manual/node_modules/egg-core/lib/utils/index.js:36:21)
    at wrappedController (/Users/daiqiang/code/node/egg-learn/egg-manual/node_modules/egg-core/lib/utils/router.js:322:18)
    at dispatch (/Users/daiqiang/code/node/egg-learn/egg-manual/node_modules/koa-router/node_modules/koa-compose/index.js:44:32)
    at next (/Users/daiqiang/code/node/egg-learn/egg-manual/node_modules/koa-router/node_modules/koa-compose/index.js:45:18)
    at /Users/daiqiang/code/node/egg-learn/egg-manual/node_modules/koa-router/lib/router.js:346:16
    at dispatch (/Users/daiqiang/code/node/egg-learn/egg-manual/node_modules/koa-router/node_modules/koa-compose/index.js:44:32)
    at /Users/daiqiang/code/node/egg-learn/egg-manual/node_modules/koa-router/node_modules/koa-compose/index.js:36:12

pid: 21125
hostname: daiqiangdeMacBook-Pro.local

2018-07-02 15:51:09,359 ERROR 67942 nodejs.ClusterClientNoResponseError: client no response in 467658ms exceeding maxIdleTime 60000ms, maybe the connection is close on other side.
    at Timeout.Leader._heartbeatTimer.setInterval [as _onTimeout] (/Users/daiqiang/code/node/egg-learn/egg-manual/node_modules/cluster-client/lib/leader.js:74:23)
    at ontimeout (timers.js:427:11)
    at tryOnTimeout (timers.js:289:5)
    at listOnTimeout (timers.js:252:5)
    at Timer.processTimers (timers.js:212:10)
name: 'ClusterClientNoResponseError'
pid: 67942
hostname: daiqiangdeMacBook-Pro.local

2018-07-02 16:05:55,827 ERROR 68304 [-/127.0.0.1/-/6ms GET /] nodejs.TypeError: this.ctx.tranInt is not a function
    at MainController.index (/Users/daiqiang/code/node/egg-learn/egg-manual/app/controller/main.js:5:35)
    at Object.callFn (/Users/daiqiang/code/node/egg-learn/egg-manual/node_modules/egg-core/lib/utils/index.js:36:21)
    at Object.classControllerMiddleware (/Users/daiqiang/code/node/egg-learn/egg-manual/node_modules/egg-core/lib/loader/mixin/controller.js:87:20)
    at Object.callFn (/Users/daiqiang/code/node/egg-learn/egg-manual/node_modules/egg-core/lib/utils/index.js:36:21)
    at wrappedController (/Users/daiqiang/code/node/egg-learn/egg-manual/node_modules/egg-core/lib/utils/router.js:322:18)
    at dispatch (/Users/daiqiang/code/node/egg-learn/egg-manual/node_modules/koa-router/node_modules/koa-compose/index.js:44:32)
    at next (/Users/daiqiang/code/node/egg-learn/egg-manual/node_modules/koa-router/node_modules/koa-compose/index.js:45:18)
    at /Users/daiqiang/code/node/egg-learn/egg-manual/node_modules/koa-router/lib/router.js:346:16
    at dispatch (/Users/daiqiang/code/node/egg-learn/egg-manual/node_modules/koa-router/node_modules/koa-compose/index.js:44:32)
    at /Users/daiqiang/code/node/egg-learn/egg-manual/node_modules/koa-router/node_modules/koa-compose/index.js:36:12

pid: 68304
hostname: daiqiangdeMacBook-Pro.local

2018-07-02 16:06:10,797 ERROR 68304 [-/127.0.0.1/-/1ms GET /] nodejs.TypeError: this.ctx.tranInt is not a function
    at MainController.index (/Users/daiqiang/code/node/egg-learn/egg-manual/app/controller/main.js:5:35)
    at Object.callFn (/Users/daiqiang/code/node/egg-learn/egg-manual/node_modules/egg-core/lib/utils/index.js:36:21)
    at Object.classControllerMiddleware (/Users/daiqiang/code/node/egg-learn/egg-manual/node_modules/egg-core/lib/loader/mixin/controller.js:87:20)
    at Object.callFn (/Users/daiqiang/code/node/egg-learn/egg-manual/node_modules/egg-core/lib/utils/index.js:36:21)
    at wrappedController (/Users/daiqiang/code/node/egg-learn/egg-manual/node_modules/egg-core/lib/utils/router.js:322:18)
    at dispatch (/Users/daiqiang/code/node/egg-learn/egg-manual/node_modules/koa-router/node_modules/koa-compose/index.js:44:32)
    at next (/Users/daiqiang/code/node/egg-learn/egg-manual/node_modules/koa-router/node_modules/koa-compose/index.js:45:18)
    at /Users/daiqiang/code/node/egg-learn/egg-manual/node_modules/koa-router/lib/router.js:346:16
    at dispatch (/Users/daiqiang/code/node/egg-learn/egg-manual/node_modules/koa-router/node_modules/koa-compose/index.js:44:32)
    at /Users/daiqiang/code/node/egg-learn/egg-manual/node_modules/koa-router/node_modules/koa-compose/index.js:36:12

pid: 68304
hostname: daiqiangdeMacBook-Pro.local

2018-07-02 17:32:53,341 ERROR 69222 [-/127.0.0.1/-/10ms GET /] nodejs.TypeError: Cannot read property 'dir' of undefined
    at MainController.index (/Users/daiqiang/code/node/egg-learn/egg-manual/app/controller/main.js:7:26)
    at Object.callFn (/Users/daiqiang/code/node/egg-learn/egg-manual/node_modules/egg-core/lib/utils/index.js:36:21)
    at Object.classControllerMiddleware (/Users/daiqiang/code/node/egg-learn/egg-manual/node_modules/egg-core/lib/loader/mixin/controller.js:87:20)
    at Object.callFn (/Users/daiqiang/code/node/egg-learn/egg-manual/node_modules/egg-core/lib/utils/index.js:36:21)
    at wrappedController (/Users/daiqiang/code/node/egg-learn/egg-manual/node_modules/egg-core/lib/utils/router.js:322:18)
    at dispatch (/Users/daiqiang/code/node/egg-learn/egg-manual/node_modules/koa-router/node_modules/koa-compose/index.js:44:32)
    at next (/Users/daiqiang/code/node/egg-learn/egg-manual/node_modules/koa-router/node_modules/koa-compose/index.js:45:18)
    at /Users/daiqiang/code/node/egg-learn/egg-manual/node_modules/koa-router/lib/router.js:346:16
    at dispatch (/Users/daiqiang/code/node/egg-learn/egg-manual/node_modules/koa-router/node_modules/koa-compose/index.js:44:32)
    at /Users/daiqiang/code/node/egg-learn/egg-manual/node_modules/koa-router/node_modules/koa-compose/index.js:36:12

pid: 69222
hostname: daiqiangdeMacBook-Pro.local

2018-07-02 17:33:16,644 ERROR 69237 [-/127.0.0.1/-/9ms GET /] nodejs.TypeError: Cannot read property 'test' of undefined
    at MainController.index (/Users/daiqiang/code/node/egg-learn/egg-manual/app/controller/main.js:7:26)
    at Object.callFn (/Users/daiqiang/code/node/egg-learn/egg-manual/node_modules/egg-core/lib/utils/index.js:36:21)
    at Object.classControllerMiddleware (/Users/daiqiang/code/node/egg-learn/egg-manual/node_modules/egg-core/lib/loader/mixin/controller.js:87:20)
    at Object.callFn (/Users/daiqiang/code/node/egg-learn/egg-manual/node_modules/egg-core/lib/utils/index.js:36:21)
    at wrappedController (/Users/daiqiang/code/node/egg-learn/egg-manual/node_modules/egg-core/lib/utils/router.js:322:18)
    at dispatch (/Users/daiqiang/code/node/egg-learn/egg-manual/node_modules/koa-router/node_modules/koa-compose/index.js:44:32)
    at next (/Users/daiqiang/code/node/egg-learn/egg-manual/node_modules/koa-router/node_modules/koa-compose/index.js:45:18)
    at /Users/daiqiang/code/node/egg-learn/egg-manual/node_modules/koa-router/lib/router.js:346:16
    at dispatch (/Users/daiqiang/code/node/egg-learn/egg-manual/node_modules/koa-router/node_modules/koa-compose/index.js:44:32)
    at /Users/daiqiang/code/node/egg-learn/egg-manual/node_modules/koa-router/node_modules/koa-compose/index.js:36:12

pid: 69237
hostname: daiqiangdeMacBook-Pro.local

2018-07-03 10:14:32,439 ERROR 70541 [-/127.0.0.1/-/8ms GET /] nodejs.ReferenceError: ctx is not defined
    at MainController.index (/Users/daiqiang/code/node/egg-learn/egg-manual/app/controller/main.js:7:9)
    at process._tickCallback (internal/process/next_tick.js:68:7)

pid: 70541
hostname: daiqiangdeMacBook-Pro.local

2018-07-03 10:15:48,115 ERROR 70557 [-/127.0.0.1/-/11ms GET /] nodejs.ReferenceError: ctx is not defined
    at MainController.index (/Users/daiqiang/code/node/egg-learn/egg-manual/app/controller/main.js:7:9)
    at process._tickCallback (internal/process/next_tick.js:68:7)

pid: 70557
hostname: daiqiangdeMacBook-Pro.local

2018-07-03 10:16:13,655 ERROR 70563 [-/127.0.0.1/-/10ms GET /] nodejs.ReferenceError: ctx is not defined
    at MainController.index (/Users/daiqiang/code/node/egg-learn/egg-manual/app/controller/main.js:7:9)
    at process._tickCallback (internal/process/next_tick.js:68:7)

pid: 70563
hostname: daiqiangdeMacBook-Pro.local

2018-07-03 10:18:20,768 ERROR 70588 [-/127.0.0.1/-/8ms GET /] nodejs.ReferenceError: ctx is not defined
    at MainController.index (/Users/daiqiang/code/node/egg-learn/egg-manual/app/controller/main.js:7:9)
    at process._tickCallback (internal/process/next_tick.js:68:7)

pid: 70588
hostname: daiqiangdeMacBook-Pro.local

2018-07-03 11:13:00,091 ERROR 71183 [-/127.0.0.1/-/6ms GET /api/main/new] nodejs.ReferenceError: thi is not defined
    at MainController.new (/Users/daiqiang/code/node/egg-learn/egg-manual/app/controller/main.js:13:21)
    at Object.callFn (/Users/daiqiang/code/node/egg-learn/egg-manual/node_modules/egg-core/lib/utils/index.js:36:21)
    at Object.classControllerMiddleware (/Users/daiqiang/code/node/egg-learn/egg-manual/node_modules/egg-core/lib/loader/mixin/controller.js:87:20)
    at Object.callFn (/Users/daiqiang/code/node/egg-learn/egg-manual/node_modules/egg-core/lib/utils/index.js:36:21)
    at wrappedController (/Users/daiqiang/code/node/egg-learn/egg-manual/node_modules/egg-core/lib/utils/router.js:322:18)
    at dispatch (/Users/daiqiang/code/node/egg-learn/egg-manual/node_modules/koa-router/node_modules/koa-compose/index.js:44:32)
    at next (/Users/daiqiang/code/node/egg-learn/egg-manual/node_modules/koa-router/node_modules/koa-compose/index.js:45:18)
    at /Users/daiqiang/code/node/egg-learn/egg-manual/node_modules/koa-router/lib/router.js:346:16
    at dispatch (/Users/daiqiang/code/node/egg-learn/egg-manual/node_modules/koa-router/node_modules/koa-compose/index.js:44:32)
    at /Users/daiqiang/code/node/egg-learn/egg-manual/node_modules/koa-router/node_modules/koa-compose/index.js:36:12

pid: 71183
hostname: daiqiangdeMacBook-Pro.local

2018-07-03 11:36:04,843 ERROR 71431 [-/127.0.0.1/-/5ms GET /api/main] nodejs.ReferenceError: app is not defined
    at MainController.index (/Users/daiqiang/code/node/egg-learn/egg-manual/app/controller/main.js:6:26)
    at Object.callFn (/Users/daiqiang/code/node/egg-learn/egg-manual/node_modules/egg-core/lib/utils/index.js:36:21)
    at Object.classControllerMiddleware (/Users/daiqiang/code/node/egg-learn/egg-manual/node_modules/egg-core/lib/loader/mixin/controller.js:87:20)
    at Object.callFn (/Users/daiqiang/code/node/egg-learn/egg-manual/node_modules/egg-core/lib/utils/index.js:36:21)
    at wrappedController (/Users/daiqiang/code/node/egg-learn/egg-manual/node_modules/egg-core/lib/utils/router.js:322:18)
    at dispatch (/Users/daiqiang/code/node/egg-learn/egg-manual/node_modules/koa-router/node_modules/koa-compose/index.js:44:32)
    at next (/Users/daiqiang/code/node/egg-learn/egg-manual/node_modules/koa-router/node_modules/koa-compose/index.js:45:18)
    at /Users/daiqiang/code/node/egg-learn/egg-manual/node_modules/koa-router/lib/router.js:346:16
    at dispatch (/Users/daiqiang/code/node/egg-learn/egg-manual/node_modules/koa-router/node_modules/koa-compose/index.js:44:32)
    at /Users/daiqiang/code/node/egg-learn/egg-manual/node_modules/koa-router/node_modules/koa-compose/index.js:36:12

pid: 71431
hostname: daiqiangdeMacBook-Pro.local

2018-07-03 11:39:44,352 ERROR 71472 [-/127.0.0.1/-/6ms GET /api/main] nodejs.ReferenceError: app is not defined
    at MainController.index (/Users/daiqiang/code/node/egg-learn/egg-manual/app/controller/main.js:6:26)
    at Object.callFn (/Users/daiqiang/code/node/egg-learn/egg-manual/node_modules/egg-core/lib/utils/index.js:36:21)
    at Object.classControllerMiddleware (/Users/daiqiang/code/node/egg-learn/egg-manual/node_modules/egg-core/lib/loader/mixin/controller.js:87:20)
    at Object.callFn (/Users/daiqiang/code/node/egg-learn/egg-manual/node_modules/egg-core/lib/utils/index.js:36:21)
    at wrappedController (/Users/daiqiang/code/node/egg-learn/egg-manual/node_modules/egg-core/lib/utils/router.js:322:18)
    at dispatch (/Users/daiqiang/code/node/egg-learn/egg-manual/node_modules/koa-router/node_modules/koa-compose/index.js:44:32)
    at next (/Users/daiqiang/code/node/egg-learn/egg-manual/node_modules/koa-router/node_modules/koa-compose/index.js:45:18)
    at /Users/daiqiang/code/node/egg-learn/egg-manual/node_modules/koa-router/lib/router.js:346:16
    at dispatch (/Users/daiqiang/code/node/egg-learn/egg-manual/node_modules/koa-router/node_modules/koa-compose/index.js:44:32)
    at /Users/daiqiang/code/node/egg-learn/egg-manual/node_modules/koa-router/node_modules/koa-compose/index.js:36:12

pid: 71472
hostname: daiqiangdeMacBook-Pro.local

2018-07-03 12:17:00,111 ERROR 71557 nodejs.ClusterClientNoResponseError: client no response in 1779433ms exceeding maxIdleTime 60000ms, maybe the connection is close on other side.
    at Timeout.Leader._heartbeatTimer.setInterval [as _onTimeout] (/Users/daiqiang/code/node/egg-learn/egg-manual/node_modules/cluster-client/lib/leader.js:74:23)
    at ontimeout (timers.js:427:11)
    at tryOnTimeout (timers.js:289:5)
    at listOnTimeout (timers.js:252:5)
    at Timer.processTimers (timers.js:212:10)
name: 'ClusterClientNoResponseError'
pid: 71557
hostname: daiqiangdeMacBook-Pro.local

2018-07-03 12:22:56,306 ERROR 71557 nodejs.ClusterClientNoResponseError: client no response in 316185ms exceeding maxIdleTime 60000ms, maybe the connection is close on other side.
    at Timeout.Leader._heartbeatTimer.setInterval [as _onTimeout] (/Users/daiqiang/code/node/egg-learn/egg-manual/node_modules/cluster-client/lib/leader.js:74:23)
    at ontimeout (timers.js:427:11)
    at tryOnTimeout (timers.js:289:5)
    at listOnTimeout (timers.js:252:5)
    at Timer.processTimers (timers.js:212:10)
name: 'ClusterClientNoResponseError'
pid: 71557
hostname: daiqiangdeMacBook-Pro.local

2018-07-03 12:49:22,176 ERROR 71557 nodejs.ClusterClientNoResponseError: client no response in 1545855ms exceeding maxIdleTime 60000ms, maybe the connection is close on other side.
    at Timeout.Leader._heartbeatTimer.setInterval [as _onTimeout] (/Users/daiqiang/code/node/egg-learn/egg-manual/node_modules/cluster-client/lib/leader.js:74:23)
    at ontimeout (timers.js:427:11)
    at tryOnTimeout (timers.js:289:5)
    at listOnTimeout (timers.js:252:5)
    at Timer.processTimers (timers.js:212:10)
name: 'ClusterClientNoResponseError'
pid: 71557
hostname: daiqiangdeMacBook-Pro.local

2018-07-03 13:45:32,365 ERROR 71557 nodejs.ClusterClientNoResponseError: client no response in 1809969ms exceeding maxIdleTime 60000ms, maybe the connection is close on other side.
    at Timeout.Leader._heartbeatTimer.setInterval [as _onTimeout] (/Users/daiqiang/code/node/egg-learn/egg-manual/node_modules/cluster-client/lib/leader.js:74:23)
    at ontimeout (timers.js:427:11)
    at tryOnTimeout (timers.js:289:5)
    at listOnTimeout (timers.js:252:5)
    at Timer.processTimers (timers.js:212:10)
name: 'ClusterClientNoResponseError'
pid: 71557
hostname: daiqiangdeMacBook-Pro.local

2018-07-03 13:57:08,757 ERROR 71557 nodejs.ClusterClientNoResponseError: client no response in 656380ms exceeding maxIdleTime 60000ms, maybe the connection is close on other side.
    at Timeout.Leader._heartbeatTimer.setInterval [as _onTimeout] (/Users/daiqiang/code/node/egg-learn/egg-manual/node_modules/cluster-client/lib/leader.js:74:23)
    at ontimeout (timers.js:427:11)
    at tryOnTimeout (timers.js:289:5)
    at listOnTimeout (timers.js:252:5)
    at Timer.processTimers (timers.js:212:10)
name: 'ClusterClientNoResponseError'
pid: 71557
hostname: daiqiangdeMacBook-Pro.local

2018-07-03 15:31:46,696 ERROR 72409 [-/127.0.0.1/-/5ms GET /api/main] nodejs.TypeError: this.ctx.tranInt is not a function
    at MainController.index (/Users/daiqiang/code/node/egg-learn/egg-manual/app/controller/main.js:6:34)
    at Object.callFn (/Users/daiqiang/code/node/egg-learn/egg-manual/node_modules/egg-core/lib/utils/index.js:36:21)
    at Object.classControllerMiddleware (/Users/daiqiang/code/node/egg-learn/egg-manual/node_modules/egg-core/lib/loader/mixin/controller.js:87:20)
    at Object.callFn (/Users/daiqiang/code/node/egg-learn/egg-manual/node_modules/egg-core/lib/utils/index.js:36:21)
    at wrappedController (/Users/daiqiang/code/node/egg-learn/egg-manual/node_modules/egg-core/lib/utils/router.js:322:18)
    at dispatch (/Users/daiqiang/code/node/egg-learn/egg-manual/node_modules/koa-router/node_modules/koa-compose/index.js:44:32)
    at next (/Users/daiqiang/code/node/egg-learn/egg-manual/node_modules/koa-router/node_modules/koa-compose/index.js:45:18)
    at /Users/daiqiang/code/node/egg-learn/egg-manual/node_modules/koa-router/lib/router.js:346:16
    at dispatch (/Users/daiqiang/code/node/egg-learn/egg-manual/node_modules/koa-router/node_modules/koa-compose/index.js:44:32)
    at /Users/daiqiang/code/node/egg-learn/egg-manual/node_modules/koa-router/node_modules/koa-compose/index.js:36:12

pid: 72409
hostname: daiqiangdeMacBook-Pro.local

2018-07-03 15:52:55,152 ERROR 72634 [-/127.0.0.1/-/6ms GET /api/main] nodejs.ReferenceError: cnosole is not defined
    at MainController.index (/Users/daiqiang/code/node/egg-learn/egg-manual/app/controller/main.js:8:9)
    at Object.callFn (/Users/daiqiang/code/node/egg-learn/egg-manual/node_modules/egg-core/lib/utils/index.js:36:21)
    at Object.classControllerMiddleware (/Users/daiqiang/code/node/egg-learn/egg-manual/node_modules/egg-core/lib/loader/mixin/controller.js:87:20)
    at Object.callFn (/Users/daiqiang/code/node/egg-learn/egg-manual/node_modules/egg-core/lib/utils/index.js:36:21)
    at wrappedController (/Users/daiqiang/code/node/egg-learn/egg-manual/node_modules/egg-core/lib/utils/router.js:322:18)
    at dispatch (/Users/daiqiang/code/node/egg-learn/egg-manual/node_modules/koa-router/node_modules/koa-compose/index.js:44:32)
    at next (/Users/daiqiang/code/node/egg-learn/egg-manual/node_modules/koa-router/node_modules/koa-compose/index.js:45:18)
    at /Users/daiqiang/code/node/egg-learn/egg-manual/node_modules/koa-router/lib/router.js:346:16
    at dispatch (/Users/daiqiang/code/node/egg-learn/egg-manual/node_modules/koa-router/node_modules/koa-compose/index.js:44:32)
    at /Users/daiqiang/code/node/egg-learn/egg-manual/node_modules/koa-router/node_modules/koa-compose/index.js:36:12

pid: 72634
hostname: daiqiangdeMacBook-Pro.local

